<?xml version="1.0" encoding="UTF-8"?>
<robot generator="Robot 7.3.1 (Python 3.13.4 on win32)" generated="2025-06-27T17:04:00.346886" rpa="false" schemaversion="5">
<suite id="s1" name="Cadastro" source="C:\QAx\projetos\mark85-robot-express\tests\cadastro.robot">
<test id="s1-t1" name="Deve poder cadastrar um usuário com sucesso" line="18">
<kw name="Start Session" owner="base" type="SETUP">
<kw name="New Browser" owner="Browser">
<msg time="2025-06-27T17:04:00.766619" level="INFO">{"browser": "chromium", "headless": false, "chromiumSandbox": false, "devtools": false, "handleSIGHUP": true, "handleSIGINT": true, "handleSIGTERM": true, "slowMo": 0.0, "timeout": 30000.0, "tracesDir": "C:\\QAx\\projetos\\mark85-robot-express\\logs\\browser\\traces\\temp\\a25fe1ef-d75a-4045-864c-cc925e14226a"}</msg>
<msg time="2025-06-27T17:04:00.793803" level="INFO">Starting Browser process C:\Users\55619\AppData\Local\Programs\Python\Python313\Lib\site-packages\Browser\wrapper\index.js using at 127.0.0.1:63550</msg>
<msg time="2025-06-27T17:04:02.138018" level="INFO">Successfully created browser with options: {"browser":"chromium","headless":false,"chromiumSandbox":false,"devtools":false,"handleSIGHUP":true,"handleSIGINT":true,"handleSIGTERM":true,"slowMo":0,"timeout":30000,"tracesDir":"C:\\QAx\\projetos\\mark85-robot-express\\logs\\browser\\traces\\temp\\a25fe1ef-d75a-4045-864c-cc925e14226a"}</msg>
<arg>browser=chromium</arg>
<arg>headless=false</arg>
<tag>BrowserControl</tag>
<tag>Setter</tag>
<doc>Create a new playwright Browser with specified options.</doc>
<status status="PASS" start="2025-06-27T17:04:00.765935" elapsed="1.372358"/>
</kw>
<kw name="New Page" owner="Browser">
<msg time="2025-06-27T17:04:02.759366" level="INFO">Successfully initialized new page object and opened url: http://localhost:3000</msg>
<msg time="2025-06-27T17:04:02.759481" level="INFO">No context was open. New context was automatically opened when this page is created.</msg>
<arg>${BASE_URL}</arg>
<tag>BrowserControl</tag>
<tag>Setter</tag>
<doc>Open a new Page.</doc>
<status status="PASS" start="2025-06-27T17:04:02.138612" elapsed="0.621094"/>
</kw>
<status status="PASS" start="2025-06-27T17:04:00.765284" elapsed="1.994619"/>
</kw>
<kw name="Create Dictionary" owner="BuiltIn">
<msg time="2025-06-27T17:04:02.760865" level="INFO">${usuario} = {'nome': 'MGama', 'email': 'MGama@gmail.com', 'senha': '123456'}</msg>
<var>${usuario}</var>
<arg>nome=MGama</arg>
<arg>email=MGama@gmail.com</arg>
<arg>senha=123456</arg>
<doc>Creates and returns a dictionary based on the given ``items``.</doc>
<status status="PASS" start="2025-06-27T17:04:02.760312" elapsed="0.000585"/>
</kw>
<kw name="Remover usuário do banco de dados" owner="database">
<msg time="2025-06-27T17:04:02.945574" level="INFO">Usuários com o email MGama@gmail.com removidos com sucesso.</msg>
<arg>${usuario}[email]</arg>
<status status="PASS" start="2025-06-27T17:04:02.761158" elapsed="0.184502"/>
</kw>
<kw name="Pagina de cadastro" owner="CadastroPagina">
<kw name="Go To" owner="Browser">
<msg time="2025-06-27T17:04:02.985857" level="INFO">Successfully opened URL http://localhost:3000/signup</msg>
<arg>${BASE_URL}/signup</arg>
<tag>BrowserControl</tag>
<tag>Setter</tag>
<doc>Navigates to the given ``url``.</doc>
<status status="PASS" start="2025-06-27T17:04:02.946395" elapsed="0.039864"/>
</kw>
<kw name="Wait For Elements State" owner="Browser">
<msg time="2025-06-27T17:04:03.018336" level="INFO">Waited for Element with selector css=h1 at state visible</msg>
<arg>css=h1</arg>
<arg>visible</arg>
<arg>5</arg>
<tag>PageContent</tag>
<tag>Wait</tag>
<doc>Waits for the element found by ``selector`` to satisfy state option.</doc>
<status status="PASS" start="2025-06-27T17:04:02.986645" elapsed="0.031855"/>
</kw>
<kw name="Get Text" owner="Browser">
<msg time="2025-06-27T17:04:03.038003" level="INFO">Text: 'Faça seu cadastro'</msg>
<arg>css=h1</arg>
<arg>equal</arg>
<arg>Faça seu cadastro</arg>
<tag>Assertion</tag>
<tag>Getter</tag>
<tag>PageContent</tag>
<doc>Returns text attribute of the element found by ``selector``.</doc>
<status status="PASS" start="2025-06-27T17:04:03.018666" elapsed="0.019473"/>
</kw>
<status status="PASS" start="2025-06-27T17:04:02.946000" elapsed="0.092256"/>
</kw>
<kw name="Submeter formulario de cadastro" owner="CadastroPagina">
<kw name="Fill Text" owner="Browser">
<msg time="2025-06-27T17:04:03.039689" level="INFO">Fills the text 'MGama' in the given field.</msg>
<arg>id=name</arg>
<arg>${usuario}[nome]</arg>
<tag>PageContent</tag>
<tag>Setter</tag>
<doc>Clears and fills the given ``txt`` into the text field found by ``selector``.</doc>
<status status="PASS" start="2025-06-27T17:04:03.039198" elapsed="0.013508"/>
</kw>
<kw name="Fill Text" owner="Browser">
<msg time="2025-06-27T17:04:03.053450" level="INFO">Fills the text 'MGama@gmail.com' in the given field.</msg>
<arg>css=#email</arg>
<arg>${usuario}[email]</arg>
<tag>PageContent</tag>
<tag>Setter</tag>
<doc>Clears and fills the given ``txt`` into the text field found by ``selector``.</doc>
<status status="PASS" start="2025-06-27T17:04:03.052895" elapsed="0.015125"/>
</kw>
<kw name="Fill Text" owner="Browser">
<msg time="2025-06-27T17:04:03.069184" level="INFO">Fills the text '123456' in the given field.</msg>
<arg>css=#password</arg>
<arg>${usuario}[senha]</arg>
<tag>PageContent</tag>
<tag>Setter</tag>
<doc>Clears and fills the given ``txt`` into the text field found by ``selector``.</doc>
<status status="PASS" start="2025-06-27T17:04:03.068537" elapsed="0.012100"/>
</kw>
<kw name="Click" owner="Browser">
<msg time="2025-06-27T17:04:03.081397" level="INFO">Clicks the element 'id=buttonSignup'.</msg>
<arg>id=buttonSignup</arg>
<tag>PageContent</tag>
<tag>Setter</tag>
<doc>Simulates mouse click on the element found by ``selector``.</doc>
<status status="PASS" start="2025-06-27T17:04:03.080826" elapsed="0.030043"/>
</kw>
<arg>${usuario}</arg>
<status status="PASS" start="2025-06-27T17:04:03.038671" elapsed="0.072326"/>
</kw>
<kw name="Mensagem de boas vindas" owner="CadastroPagina">
<kw name="Set Variable" owner="BuiltIn">
<msg time="2025-06-27T17:04:03.112131" level="INFO">${elemento} = css=.notice p</msg>
<var>${elemento}</var>
<arg>css=.notice p</arg>
<doc>Returns the given values which can then be assigned to a variables.</doc>
<status status="PASS" start="2025-06-27T17:04:03.111891" elapsed="0.000266"/>
</kw>
<kw name="Wait For Elements State" owner="Browser">
<msg time="2025-06-27T17:04:03.215816" level="INFO">Waited for Element with selector css=.notice p at state visible</msg>
<arg>${elemento}</arg>
<arg>visible</arg>
<arg>5</arg>
<tag>PageContent</tag>
<tag>Wait</tag>
<doc>Waits for the element found by ``selector`` to satisfy state option.</doc>
<status status="PASS" start="2025-06-27T17:04:03.112250" elapsed="0.103728"/>
</kw>
<kw name="Get Text" owner="Browser">
<msg time="2025-06-27T17:04:03.227743" level="INFO">Text: 'Boas vindas ao Mark85, o seu gerenciador de tarefas.'</msg>
<arg>${elemento}</arg>
<arg>equal</arg>
<arg>${texto_esperado}</arg>
<tag>Assertion</tag>
<tag>Getter</tag>
<tag>PageContent</tag>
<doc>Returns text attribute of the element found by ``selector``.</doc>
<status status="PASS" start="2025-06-27T17:04:03.216148" elapsed="0.011716"/>
</kw>
<arg>Boas vindas ao Mark85, o seu gerenciador de tarefas.</arg>
<status status="PASS" start="2025-06-27T17:04:03.111442" elapsed="0.116543"/>
</kw>
<kw name="Take Screenshot" owner="Browser" type="TEARDOWN">
<msg time="2025-06-27T17:04:03.383715" level="INFO" html="true">&lt;/td&gt;&lt;/tr&gt;&lt;tr&gt;&lt;td colspan="3"&gt;&lt;a href="browser/screenshot/robotframework-browser-screenshot-1.png" target="_blank"&gt;&lt;img src="browser/screenshot/robotframework-browser-screenshot-1.png" width="800px"/&gt;&lt;/a&gt;</msg>
<tag>PageContent</tag>
<doc>Takes a screenshot of the current window or element and saves it to disk.</doc>
<status status="PASS" start="2025-06-27T17:04:03.228354" elapsed="0.155528"/>
</kw>
<msg time="2025-06-27T17:04:03.395217" level="INFO">Switching context to context=e6e67f75-0c1f-42fe-a700-94e1cfe736d8 in CURRENT</msg>
<msg time="2025-06-27T17:04:03.400466" level="INFO">Successfully changed active context: context=e6e67f75-0c1f-42fe-a700-94e1cfe736d8</msg>
<msg time="2025-06-27T17:04:03.439104" level="INFO">Successfully closed Context</msg>
<status status="PASS" start="2025-06-27T17:04:00.764253" elapsed="2.619898"/>
</test>
<test id="s1-t2" name="Não deve permitir cadastrar um usuário com email já existente" line="34">
<kw name="Start Session" owner="base" type="SETUP">
<kw name="New Browser" owner="Browser">
<msg time="2025-06-27T17:04:03.448192" level="INFO">Switching browser to browser=ec650f0d-7e2c-4c6a-8c63-8d85517e49aa</msg>
<msg time="2025-06-27T17:04:03.452041" level="INFO">Successfully changed active browser: browser=ec650f0d-7e2c-4c6a-8c63-8d85517e49aa</msg>
<msg time="2025-06-27T17:04:03.452157" level="INFO">Reusing existing browser with id: browser=ec650f0d-7e2c-4c6a-8c63-8d85517e49aa</msg>
<arg>browser=chromium</arg>
<arg>headless=false</arg>
<tag>BrowserControl</tag>
<tag>Setter</tag>
<doc>Create a new playwright Browser with specified options.</doc>
<status status="PASS" start="2025-06-27T17:04:03.447365" elapsed="0.004849"/>
</kw>
<kw name="New Page" owner="Browser">
<msg time="2025-06-27T17:04:03.934786" level="INFO">Successfully initialized new page object and opened url: http://localhost:3000</msg>
<msg time="2025-06-27T17:04:03.934860" level="INFO">No context was open. New context was automatically opened when this page is created.</msg>
<arg>${BASE_URL}</arg>
<tag>BrowserControl</tag>
<tag>Setter</tag>
<doc>Open a new Page.</doc>
<status status="PASS" start="2025-06-27T17:04:03.452386" elapsed="0.482594"/>
</kw>
<status status="PASS" start="2025-06-27T17:04:03.446508" elapsed="0.488588"/>
</kw>
<kw name="Create Dictionary" owner="BuiltIn">
<msg time="2025-06-27T17:04:03.935774" level="INFO">${usuario} = {'nome': 'Gama', 'email': 'matheusgama123@gmail.com', 'senha': '123456'}</msg>
<var>${usuario}</var>
<arg>nome=Gama</arg>
<arg>email=matheusgama123@gmail.com</arg>
<arg>senha=123456</arg>
<doc>Creates and returns a dictionary based on the given ``items``.</doc>
<status status="PASS" start="2025-06-27T17:04:03.935367" elapsed="0.000437"/>
</kw>
<kw name="Remover usuário do banco de dados" owner="database">
<msg time="2025-06-27T17:04:03.959833" level="INFO">Usuários com o email matheusgama123@gmail.com removidos com sucesso.</msg>
<arg>${usuario}[email]</arg>
<status status="PASS" start="2025-06-27T17:04:03.935995" elapsed="0.023957"/>
</kw>
<kw name="Inserir usuário no banco de dados" owner="database">
<msg time="2025-06-27T17:04:03.984081" level="INFO">{'nome': 'Gama', 'email': 'matheusgama123@gmail.com', 'senha': '123456', '_id': ObjectId('685ef9338c118920a6123efe')}</msg>
<arg>${usuario}</arg>
<status status="PASS" start="2025-06-27T17:04:03.960372" elapsed="0.023786"/>
</kw>
<kw name="Pagina de cadastro" owner="CadastroPagina">
<kw name="Go To" owner="Browser">
<msg time="2025-06-27T17:04:04.018468" level="INFO">Successfully opened URL http://localhost:3000/signup</msg>
<arg>${BASE_URL}/signup</arg>
<tag>BrowserControl</tag>
<tag>Setter</tag>
<doc>Navigates to the given ``url``.</doc>
<status status="PASS" start="2025-06-27T17:04:03.984907" elapsed="0.033722"/>
</kw>
<kw name="Wait For Elements State" owner="Browser">
<msg time="2025-06-27T17:04:04.041274" level="INFO">Waited for Element with selector css=h1 at state visible</msg>
<arg>css=h1</arg>
<arg>visible</arg>
<arg>5</arg>
<tag>PageContent</tag>
<tag>Wait</tag>
<doc>Waits for the element found by ``selector`` to satisfy state option.</doc>
<status status="PASS" start="2025-06-27T17:04:04.018809" elapsed="0.022635"/>
</kw>
<kw name="Get Text" owner="Browser">
<msg time="2025-06-27T17:04:04.058637" level="INFO">Text: 'Faça seu cadastro'</msg>
<arg>css=h1</arg>
<arg>equal</arg>
<arg>Faça seu cadastro</arg>
<tag>Assertion</tag>
<tag>Getter</tag>
<tag>PageContent</tag>
<doc>Returns text attribute of the element found by ``selector``.</doc>
<status status="PASS" start="2025-06-27T17:04:04.041622" elapsed="0.017123"/>
</kw>
<status status="PASS" start="2025-06-27T17:04:03.984483" elapsed="0.074361"/>
</kw>
<kw name="Submeter formulario de cadastro" owner="CadastroPagina">
<kw name="Fill Text" owner="Browser">
<msg time="2025-06-27T17:04:04.060096" level="INFO">Fills the text 'Gama' in the given field.</msg>
<arg>id=name</arg>
<arg>${usuario}[nome]</arg>
<tag>PageContent</tag>
<tag>Setter</tag>
<doc>Clears and fills the given ``txt`` into the text field found by ``selector``.</doc>
<status status="PASS" start="2025-06-27T17:04:04.059634" elapsed="0.011645"/>
</kw>
<kw name="Fill Text" owner="Browser">
<msg time="2025-06-27T17:04:04.072104" level="INFO">Fills the text 'matheusgama123@gmail.com' in the given field.</msg>
<arg>css=#email</arg>
<arg>${usuario}[email]</arg>
<tag>PageContent</tag>
<tag>Setter</tag>
<doc>Clears and fills the given ``txt`` into the text field found by ``selector``.</doc>
<status status="PASS" start="2025-06-27T17:04:04.071466" elapsed="0.014267"/>
</kw>
<kw name="Fill Text" owner="Browser">
<msg time="2025-06-27T17:04:04.086530" level="INFO">Fills the text '123456' in the given field.</msg>
<arg>css=#password</arg>
<arg>${usuario}[senha]</arg>
<tag>PageContent</tag>
<tag>Setter</tag>
<doc>Clears and fills the given ``txt`` into the text field found by ``selector``.</doc>
<status status="PASS" start="2025-06-27T17:04:04.085942" elapsed="0.010639"/>
</kw>
<kw name="Click" owner="Browser">
<msg time="2025-06-27T17:04:04.097337" level="INFO">Clicks the element 'id=buttonSignup'.</msg>
<arg>id=buttonSignup</arg>
<tag>PageContent</tag>
<tag>Setter</tag>
<doc>Simulates mouse click on the element found by ``selector``.</doc>
<status status="PASS" start="2025-06-27T17:04:04.096780" elapsed="0.033758"/>
</kw>
<arg>${usuario}</arg>
<status status="PASS" start="2025-06-27T17:04:04.059166" elapsed="0.071500"/>
</kw>
<kw name="Mensagem de boas vindas" owner="CadastroPagina">
<kw name="Set Variable" owner="BuiltIn">
<msg time="2025-06-27T17:04:04.131751" level="INFO">${elemento} = css=.notice p</msg>
<var>${elemento}</var>
<arg>css=.notice p</arg>
<doc>Returns the given values which can then be assigned to a variables.</doc>
<status status="PASS" start="2025-06-27T17:04:04.131516" elapsed="0.000261"/>
</kw>
<kw name="Wait For Elements State" owner="Browser">
<msg time="2025-06-27T17:04:04.165993" level="INFO">Waited for Element with selector css=.notice p at state visible</msg>
<arg>${elemento}</arg>
<arg>visible</arg>
<arg>5</arg>
<tag>PageContent</tag>
<tag>Wait</tag>
<doc>Waits for the element found by ``selector`` to satisfy state option.</doc>
<status status="PASS" start="2025-06-27T17:04:04.131872" elapsed="0.034267"/>
</kw>
<kw name="Get Text" owner="Browser">
<msg time="2025-06-27T17:04:04.177899" level="INFO">Text: 'Oops! Já existe uma conta com o e-mail informado.'</msg>
<arg>${elemento}</arg>
<arg>equal</arg>
<arg>${texto_esperado}</arg>
<tag>Assertion</tag>
<tag>Getter</tag>
<tag>PageContent</tag>
<doc>Returns text attribute of the element found by ``selector``.</doc>
<status status="PASS" start="2025-06-27T17:04:04.166301" elapsed="0.011703"/>
</kw>
<arg>Oops! Já existe uma conta com o e-mail informado.</arg>
<status status="PASS" start="2025-06-27T17:04:04.131068" elapsed="0.047031"/>
</kw>
<kw name="Take Screenshot" owner="Browser" type="TEARDOWN">
<msg time="2025-06-27T17:04:04.324584" level="INFO" html="true">&lt;/td&gt;&lt;/tr&gt;&lt;tr&gt;&lt;td colspan="3"&gt;&lt;a href="browser/screenshot/robotframework-browser-screenshot-2.png" target="_blank"&gt;&lt;img src="browser/screenshot/robotframework-browser-screenshot-2.png" width="800px"/&gt;&lt;/a&gt;</msg>
<tag>PageContent</tag>
<doc>Takes a screenshot of the current window or element and saves it to disk.</doc>
<status status="PASS" start="2025-06-27T17:04:04.178484" elapsed="0.146252"/>
</kw>
<msg time="2025-06-27T17:04:04.334358" level="INFO">Switching context to context=e5eebdc6-7a7d-4402-9bcf-c1ee4bdb794d in CURRENT</msg>
<msg time="2025-06-27T17:04:04.339811" level="INFO">Successfully changed active context: context=e5eebdc6-7a7d-4402-9bcf-c1ee4bdb794d</msg>
<msg time="2025-06-27T17:04:04.373357" level="INFO">Successfully closed Context</msg>
<tag>dup</tag>
<status status="PASS" start="2025-06-27T17:04:03.440654" elapsed="0.884348"/>
</test>
<doc>Cenários de testes do cadastro de usuários</doc>
<status status="PASS" start="2025-06-27T17:04:00.348216" elapsed="4.026664"/>
</suite>
<statistics>
<total>
<stat pass="2" fail="0" skip="0">All Tests</stat>
</total>
<tag>
<stat pass="1" fail="0" skip="0">dup</stat>
</tag>
<suite>
<stat name="Cadastro" id="s1" pass="2" fail="0" skip="0">Cadastro</stat>
</suite>
</statistics>
<errors>
</errors>
</robot>
