<?xml version="1.0" encoding="UTF-8"?>
<robot generator="Robot 7.3.1 (Python 3.13.4 on win32)" generated="2025-06-30T15:10:06.464174" rpa="false" schemaversion="5">
<suite id="s1" name="Login" source="C:\QAx\projetos\mark85-robot-express\tests\login.robot">
<test id="s1-t1" name="Deve poder logar com um usuario pré cadastrado" line="9">
<kw name="Start Session" owner="base" type="SETUP">
<kw name="New Browser" owner="Browser">
<msg time="2025-06-30T15:10:08.858833" level="INFO">{"browser": "chromium", "headless": false, "chromiumSandbox": false, "devtools": false, "handleSIGHUP": true, "handleSIGINT": true, "handleSIGTERM": true, "slowMo": 0.0, "timeout": 30000.0, "tracesDir": "C:\\QAx\\projetos\\mark85-robot-express\\logs\\browser\\traces\\temp\\225f883c-0f59-4aab-9459-5cbd9227dd77"}</msg>
<msg time="2025-06-30T15:10:08.884369" level="INFO">Starting Browser process C:\Users\55619\AppData\Local\Programs\Python\Python313\Lib\site-packages\Browser\wrapper\index.js using at 127.0.0.1:65291</msg>
<msg time="2025-06-30T15:10:10.179656" level="INFO">Successfully created browser with options: {"browser":"chromium","headless":false,"chromiumSandbox":false,"devtools":false,"handleSIGHUP":true,"handleSIGINT":true,"handleSIGTERM":true,"slowMo":0,"timeout":30000,"tracesDir":"C:\\QAx\\projetos\\mark85-robot-express\\logs\\browser\\traces\\temp\\225f883c-0f59-4aab-9459-5cbd9227dd77"}</msg>
<arg>browser=chromium</arg>
<arg>headless=false</arg>
<tag>BrowserControl</tag>
<tag>Setter</tag>
<doc>Create a new playwright Browser with specified options.</doc>
<status status="PASS" start="2025-06-30T15:10:08.858226" elapsed="1.321701"/>
</kw>
<kw name="New Page" owner="Browser">
<msg time="2025-06-30T15:10:10.764178" level="INFO">Successfully initialized new page object and opened url: http://localhost:3000</msg>
<msg time="2025-06-30T15:10:10.764259" level="INFO">No context was open. New context was automatically opened when this page is created.</msg>
<arg>${BASE_URL}</arg>
<tag>BrowserControl</tag>
<tag>Setter</tag>
<doc>Open a new Page.</doc>
<status status="PASS" start="2025-06-30T15:10:10.180276" elapsed="0.584119"/>
</kw>
<status status="PASS" start="2025-06-30T15:10:08.857648" elapsed="1.906879"/>
</kw>
<kw name="Create Dictionary" owner="BuiltIn">
<msg time="2025-06-30T15:10:10.765519" level="INFO">${usuario} = {'nome': 'matheus gama', 'email': 'matheus12345@gmail.com', 'senha': '123456'}</msg>
<var>${usuario}</var>
<arg>nome=matheus gama</arg>
<arg>email=matheus12345@gmail.com</arg>
<arg>senha=123456</arg>
<doc>Creates and returns a dictionary based on the given ``items``.</doc>
<status status="PASS" start="2025-06-30T15:10:10.764939" elapsed="0.000621"/>
</kw>
<kw name="submeter página de login" owner="loginPagina">
<kw name="Fill Text" owner="Browser">
<msg time="2025-06-30T15:10:10.766974" level="INFO">Fills the text 'matheus12345@gmail.com' in the given field.</msg>
<arg>css=input[placeholder$=mail]</arg>
<arg>${usuario}[email]</arg>
<tag>PageContent</tag>
<tag>Setter</tag>
<doc>Clears and fills the given ``txt`` into the text field found by ``selector``.</doc>
<status status="PASS" start="2025-06-30T15:10:10.766428" elapsed="0.036321"/>
</kw>
<kw name="Fill Text" owner="Browser">
<msg time="2025-06-30T15:10:10.803526" level="INFO">Fills the text '123456' in the given field.</msg>
<arg>css=input[placeholder=Senha]</arg>
<arg>${usuario}[senha]</arg>
<tag>PageContent</tag>
<tag>Setter</tag>
<doc>Clears and fills the given ``txt`` into the text field found by ``selector``.</doc>
<status status="PASS" start="2025-06-30T15:10:10.802943" elapsed="0.012458"/>
</kw>
<kw name="Click" owner="Browser">
<msg time="2025-06-30T15:10:10.816129" level="INFO">Clicks the element 'id=buttonLogin'.</msg>
<arg>id=buttonLogin</arg>
<tag>PageContent</tag>
<tag>Setter</tag>
<doc>Simulates mouse click on the element found by ``selector``.</doc>
<status status="PASS" start="2025-06-30T15:10:10.815588" elapsed="0.036772"/>
</kw>
<arg>${usuario}</arg>
<status status="PASS" start="2025-06-30T15:10:10.765884" elapsed="0.086599"/>
</kw>
<kw name="Sleep" owner="BuiltIn">
<msg time="2025-06-30T15:10:14.853311" level="INFO">Slept 4 seconds.</msg>
<arg>4</arg>
<doc>Pauses the test executed for the given time.</doc>
<status status="PASS" start="2025-06-30T15:10:10.852790" elapsed="4.000624"/>
</kw>
<kw name="Take Screenshot" owner="Browser" type="TEARDOWN">
<msg time="2025-06-30T15:10:14.997123" level="INFO" html="true">&lt;/td&gt;&lt;/tr&gt;&lt;tr&gt;&lt;td colspan="3"&gt;&lt;a href="browser/screenshot/robotframework-browser-screenshot-1.png" target="_blank"&gt;&lt;img src="browser/screenshot/robotframework-browser-screenshot-1.png" width="800px"/&gt;&lt;/a&gt;</msg>
<tag>PageContent</tag>
<doc>Takes a screenshot of the current window or element and saves it to disk.</doc>
<status status="PASS" start="2025-06-30T15:10:14.853873" elapsed="0.143474"/>
</kw>
<msg time="2025-06-30T15:10:15.012039" level="INFO">Switching context to context=3e864b78-37bc-4f5f-b6d5-941eb102299b in CURRENT</msg>
<msg time="2025-06-30T15:10:15.018097" level="INFO">Successfully changed active context: context=3e864b78-37bc-4f5f-b6d5-941eb102299b</msg>
<msg time="2025-06-30T15:10:15.053210" level="INFO">Successfully closed Context</msg>
<status status="PASS" start="2025-06-30T15:10:08.856907" elapsed="6.140689"/>
</test>
<doc>cenarios de autencicação do usuário</doc>
<status status="PASS" start="2025-06-30T15:10:06.465412" elapsed="8.588956"/>
</suite>
<statistics>
<total>
<stat pass="1" fail="0" skip="0">All Tests</stat>
</total>
<tag>
</tag>
<suite>
<stat name="Login" id="s1" pass="1" fail="0" skip="0">Login</stat>
</suite>
</statistics>
<errors>
</errors>
</robot>
