<?xml version="1.0" encoding="UTF-8"?>
<robot generator="Robot 7.3.1 (Python 3.13.4 on win32)" generated="2025-06-25T18:55:27.318807" rpa="false" schemaversion="5">
<suite id="s1" name="Cadastro" source="C:\QAx\projetos\mark85-robot-express\cadastro.robot">
<test id="s1-t1" name="Deve poder cadastrar um usuário com sucesso" line="8">
<kw name="New Browser" owner="Browser">
<msg time="2025-06-25T18:55:27.489298" level="INFO">{"browser": "chromium", "headless": false, "chromiumSandbox": false, "devtools": false, "handleSIGHUP": true, "handleSIGINT": true, "handleSIGTERM": true, "slowMo": 0.0, "timeout": 30000.0, "tracesDir": "C:\\QAx\\projetos\\mark85-robot-express\\logs\\browser\\traces\\temp\\9e2f4c1d-4b99-4cdf-ac4f-a29261be11ed"}</msg>
<msg time="2025-06-25T18:55:27.514453" level="INFO">Starting Browser process C:\Users\55619\AppData\Local\Programs\Python\Python313\Lib\site-packages\Browser\wrapper\index.js using at 127.0.0.1:61072</msg>
<msg time="2025-06-25T18:55:28.835956" level="INFO">Successfully created browser with options: {"browser":"chromium","headless":false,"chromiumSandbox":false,"devtools":false,"handleSIGHUP":true,"handleSIGINT":true,"handleSIGTERM":true,"slowMo":0,"timeout":30000,"tracesDir":"C:\\QAx\\projetos\\mark85-robot-express\\logs\\browser\\traces\\temp\\9e2f4c1d-4b99-4cdf-ac4f-a29261be11ed"}</msg>
<arg>browser=chromium</arg>
<arg>headless=false</arg>
<tag>BrowserControl</tag>
<tag>Setter</tag>
<doc>Create a new playwright Browser with specified options.</doc>
<status status="PASS" start="2025-06-25T18:55:27.488674" elapsed="1.347588"/>
</kw>
<kw name="New Page" owner="Browser">
<msg time="2025-06-25T18:55:29.432536" level="INFO">Successfully initialized new page object and opened url: http:localhost:3000/signup</msg>
<msg time="2025-06-25T18:55:29.432607" level="INFO">No context was open. New context was automatically opened when this page is created.</msg>
<arg>http:localhost:3000/signup</arg>
<tag>BrowserControl</tag>
<tag>Setter</tag>
<doc>Open a new Page.</doc>
<status status="PASS" start="2025-06-25T18:55:28.836845" elapsed="0.595921"/>
</kw>
<kw name="Wait For Elements State" owner="Browser">
<msg time="2025-06-25T18:55:29.463474" level="INFO">Waited for Element with selector css=h1 at state visible</msg>
<arg>css=h1</arg>
<arg>visible</arg>
<arg>5</arg>
<tag>PageContent</tag>
<tag>Wait</tag>
<doc>Waits for the element found by ``selector`` to satisfy state option.</doc>
<status status="PASS" start="2025-06-25T18:55:29.433190" elapsed="0.030430"/>
</kw>
<kw name="Get Text" owner="Browser">
<msg time="2025-06-25T18:55:29.485167" level="INFO">Text: 'Faça seu cadastro'</msg>
<arg>css=h1</arg>
<arg>equal</arg>
<arg>Faça seu cadastro</arg>
<tag>Assertion</tag>
<tag>Getter</tag>
<tag>PageContent</tag>
<doc>Returns text attribute of the element found by ``selector``.</doc>
<status status="PASS" start="2025-06-25T18:55:29.463983" elapsed="0.021297"/>
</kw>
<kw name="Sleep" owner="BuiltIn">
<msg time="2025-06-25T18:55:34.486642" level="INFO">Slept 5 seconds.</msg>
<arg>5</arg>
<doc>Pauses the test executed for the given time.</doc>
<status status="PASS" start="2025-06-25T18:55:29.485602" elapsed="5.001271"/>
</kw>
<msg time="2025-06-25T18:55:34.511189" level="INFO">Switching context to context=aba7bb9a-9f3a-447d-80db-f59c873aa144 in CURRENT</msg>
<msg time="2025-06-25T18:55:34.519510" level="INFO">Successfully changed active context: context=aba7bb9a-9f3a-447d-80db-f59c873aa144</msg>
<msg time="2025-06-25T18:55:34.554204" level="INFO">Successfully closed Context</msg>
<status status="PASS" start="2025-06-25T18:55:27.487834" elapsed="6.999973"/>
</test>
<doc>Cenários de testes do cadastro de usuários</doc>
<status status="PASS" start="2025-06-25T18:55:27.320257" elapsed="7.235014"/>
</suite>
<statistics>
<total>
<stat pass="1" fail="0" skip="0">All Tests</stat>
</total>
<tag>
</tag>
<suite>
<stat name="Cadastro" id="s1" pass="1" fail="0" skip="0">Cadastro</stat>
</suite>
</statistics>
<errors>
</errors>
</robot>
