<?xml version="1.0" encoding="UTF-8"?>
<robot generator="Robot 7.3.1 (Python 3.13.4 on win32)" generated="2025-06-26T15:13:58.899849" rpa="false" schemaversion="5">
<suite id="s1" name="Cadastro" source="C:\QAx\projetos\mark85-robot-express\tests\cadastro.robot">
<test id="s1-t1" name="Deve poder cadastrar um usuário com sucesso" line="9">
<kw name="Set Variable" owner="BuiltIn">
<msg time="2025-06-26T15:13:59.221456" level="INFO">${nome} = MGama</msg>
<var>${nome}</var>
<arg>MGama</arg>
<doc>Returns the given values which can then be assigned to a variables.</doc>
<status status="PASS" start="2025-06-26T15:13:59.221188" elapsed="0.000303"/>
</kw>
<kw name="Set Variable" owner="BuiltIn">
<msg time="2025-06-26T15:13:59.221979" level="INFO">${email} = MGama@gmail.com</msg>
<var>${email}</var>
<arg>MGama@gmail.com</arg>
<doc>Returns the given values which can then be assigned to a variables.</doc>
<status status="PASS" start="2025-06-26T15:13:59.221760" elapsed="0.000247"/>
</kw>
<kw name="Set Variable" owner="BuiltIn">
<msg time="2025-06-26T15:13:59.222497" level="INFO">${senha} = 123456</msg>
<var>${senha}</var>
<arg>123456</arg>
<doc>Returns the given values which can then be assigned to a variables.</doc>
<status status="PASS" start="2025-06-26T15:13:59.222245" elapsed="0.000282"/>
</kw>
<kw name="Remover usuário do banco de dados" owner="database">
<msg time="2025-06-26T15:13:59.421085" level="INFO">Usuários com o email MGama@gmail.com removidos com sucesso.</msg>
<arg>${email}</arg>
<status status="PASS" start="2025-06-26T15:13:59.222678" elapsed="0.198642"/>
</kw>
<kw name="Start Session" owner="base">
<kw name="New Browser" owner="Browser">
<msg time="2025-06-26T15:13:59.424942" level="INFO">{"browser": "chromium", "headless": false, "chromiumSandbox": false, "devtools": false, "handleSIGHUP": true, "handleSIGINT": true, "handleSIGTERM": true, "slowMo": 0.0, "timeout": 30000.0, "tracesDir": "C:\\QAx\\projetos\\mark85-robot-express\\logs\\browser\\traces\\temp\\99bf23ee-5205-4e07-ad1b-51d13ac297d3"}</msg>
<msg time="2025-06-26T15:13:59.453534" level="INFO">Starting Browser process C:\Users\55619\AppData\Local\Programs\Python\Python313\Lib\site-packages\Browser\wrapper\index.js using at 127.0.0.1:50570</msg>
<msg time="2025-06-26T15:14:00.735538" level="INFO">Successfully created browser with options: {"browser":"chromium","headless":false,"chromiumSandbox":false,"devtools":false,"handleSIGHUP":true,"handleSIGINT":true,"handleSIGTERM":true,"slowMo":0,"timeout":30000,"tracesDir":"C:\\QAx\\projetos\\mark85-robot-express\\logs\\browser\\traces\\temp\\99bf23ee-5205-4e07-ad1b-51d13ac297d3"}</msg>
<arg>browser=chromium</arg>
<arg>headless=false</arg>
<tag>BrowserControl</tag>
<tag>Setter</tag>
<doc>Create a new playwright Browser with specified options.</doc>
<status status="PASS" start="2025-06-26T15:13:59.423447" elapsed="1.312348"/>
</kw>
<kw name="New Page" owner="Browser">
<msg time="2025-06-26T15:14:01.318633" level="INFO">Successfully initialized new page object and opened url: http://localhost:3000</msg>
<msg time="2025-06-26T15:14:01.318716" level="INFO">No context was open. New context was automatically opened when this page is created.</msg>
<arg>http://localhost:3000</arg>
<tag>BrowserControl</tag>
<tag>Setter</tag>
<doc>Open a new Page.</doc>
<status status="PASS" start="2025-06-26T15:14:00.736126" elapsed="0.582728"/>
</kw>
<status status="PASS" start="2025-06-26T15:13:59.422310" elapsed="1.896714"/>
</kw>
<kw name="Go To" owner="Browser">
<msg time="2025-06-26T15:14:01.353985" level="INFO">Successfully opened URL http://localhost:3000/signup</msg>
<arg>url=http://localhost:3000/signup</arg>
<tag>BrowserControl</tag>
<tag>Setter</tag>
<doc>Navigates to the given ``url``.</doc>
<status status="PASS" start="2025-06-26T15:14:01.319417" elapsed="0.034773"/>
</kw>
<kw name="Wait For Elements State" owner="Browser">
<msg time="2025-06-26T15:14:01.381175" level="INFO">Waited for Element with selector css=h1 at state visible</msg>
<arg>css=h1</arg>
<arg>visible</arg>
<arg>5</arg>
<tag>PageContent</tag>
<tag>Wait</tag>
<doc>Waits for the element found by ``selector`` to satisfy state option.</doc>
<status status="PASS" start="2025-06-26T15:14:01.354701" elapsed="0.026664"/>
</kw>
<kw name="Get Text" owner="Browser">
<msg time="2025-06-26T15:14:01.401933" level="INFO">Text: 'Faça seu cadastro'</msg>
<arg>css=h1</arg>
<arg>equal</arg>
<arg>Faça seu cadastro</arg>
<tag>Assertion</tag>
<tag>Getter</tag>
<tag>PageContent</tag>
<doc>Returns text attribute of the element found by ``selector``.</doc>
<status status="PASS" start="2025-06-26T15:14:01.381699" elapsed="0.020370"/>
</kw>
<kw name="Fill Text" owner="Browser">
<msg time="2025-06-26T15:14:01.403247" level="INFO">Fills the text 'MGama' in the given field.</msg>
<arg>id=name</arg>
<arg>${nome}</arg>
<tag>PageContent</tag>
<tag>Setter</tag>
<doc>Clears and fills the given ``txt`` into the text field found by ``selector``.</doc>
<status status="PASS" start="2025-06-26T15:14:01.402515" elapsed="0.014843"/>
</kw>
<kw name="Fill Text" owner="Browser">
<msg time="2025-06-26T15:14:01.418490" level="INFO">Fills the text 'MGama@gmail.com' in the given field.</msg>
<arg>css=#email</arg>
<arg>${email}</arg>
<tag>PageContent</tag>
<tag>Setter</tag>
<doc>Clears and fills the given ``txt`` into the text field found by ``selector``.</doc>
<status status="PASS" start="2025-06-26T15:14:01.417885" elapsed="0.013673"/>
</kw>
<kw name="Fill Text" owner="Browser">
<msg time="2025-06-26T15:14:01.432458" level="INFO">Fills the text '123456' in the given field.</msg>
<arg>css=#password</arg>
<arg>${senha}</arg>
<tag>PageContent</tag>
<tag>Setter</tag>
<doc>Clears and fills the given ``txt`` into the text field found by ``selector``.</doc>
<status status="PASS" start="2025-06-26T15:14:01.431884" elapsed="0.010545"/>
</kw>
<kw name="Click" owner="Browser">
<msg time="2025-06-26T15:14:01.443286" level="INFO">Clicks the element 'id=buttonSignup'.</msg>
<arg>id=buttonSignup</arg>
<tag>PageContent</tag>
<tag>Setter</tag>
<doc>Simulates mouse click on the element found by ``selector``.</doc>
<status status="PASS" start="2025-06-26T15:14:01.442720" elapsed="0.033100"/>
</kw>
<kw name="Wait For Elements State" owner="Browser">
<msg time="2025-06-26T15:14:01.570186" level="INFO">Waited for Element with selector css=.notice p at state visible</msg>
<arg>css=.notice p</arg>
<arg>visible</arg>
<arg>5</arg>
<tag>PageContent</tag>
<tag>Wait</tag>
<doc>Waits for the element found by ``selector`` to satisfy state option.</doc>
<status status="PASS" start="2025-06-26T15:14:01.476143" elapsed="0.094231"/>
</kw>
<kw name="Get Text" owner="Browser">
<msg time="2025-06-26T15:14:01.582569" level="INFO">Text: 'Boas vindas ao Mark85, o seu gerenciador de tarefas.'</msg>
<arg>css=.notice p</arg>
<arg>equal</arg>
<arg>Boas vindas ao Mark85, o seu gerenciador de tarefas.</arg>
<tag>Assertion</tag>
<tag>Getter</tag>
<tag>PageContent</tag>
<doc>Returns text attribute of the element found by ``selector``.</doc>
<status status="PASS" start="2025-06-26T15:14:01.570740" elapsed="0.011971"/>
</kw>
<msg time="2025-06-26T15:14:01.594057" level="INFO">Switching context to context=e4b6587a-2af0-460d-9d06-0919f4500807 in CURRENT</msg>
<msg time="2025-06-26T15:14:01.600638" level="INFO">Successfully changed active context: context=e4b6587a-2af0-460d-9d06-0919f4500807</msg>
<msg time="2025-06-26T15:14:01.630854" level="INFO">Successfully closed Context</msg>
<status status="PASS" start="2025-06-26T15:13:59.220326" elapsed="2.362712"/>
</test>
<doc>Cenários de testes do cadastro de usuários</doc>
<status status="PASS" start="2025-06-26T15:13:58.901229" elapsed="2.730669"/>
</suite>
<statistics>
<total>
<stat pass="1" fail="0" skip="0">All Tests</stat>
</total>
<tag>
</tag>
<suite>
<stat name="Cadastro" id="s1" pass="1" fail="0" skip="0">Cadastro</stat>
</suite>
</statistics>
<errors>
</errors>
</robot>
